2017-06-27 16:52:36,060 INFO  [AndroMDA] - discovering namespaces -
2017-06-27 16:52:36,230 INFO  [AndroMDA] found namespace --> 'emf-uml22'
2017-06-27 16:52:36,231 INFO  [AndroMDA]   +  registering component 'metafacades'
2017-06-27 16:52:36,397 INFO  [AndroMDA]   +  registering component 'profile'
2017-06-27 16:52:36,423 INFO  [AndroMDA]   +  registering component 'repository'
2017-06-27 16:52:36,524 INFO  [AndroMDA] found namespace --> 'hibernate'
2017-06-27 16:52:36,524 INFO  [AndroMDA]   +  registering component 'cartridge'
2017-06-27 16:52:36,592 INFO  [AndroMDA]   +  registering component 'metafacades'
2017-06-27 16:52:36,630 INFO  [AndroMDA]   +  registering component 'profile'
2017-06-27 16:52:36,635 INFO  [AndroMDA] found namespace --> 'java'
2017-06-27 16:52:36,635 INFO  [AndroMDA]   +  registering component 'cartridge'
2017-06-27 16:52:36,644 INFO  [AndroMDA]   +  registering component 'profile'
2017-06-27 16:52:36,647 INFO  [AndroMDA]   +  registering component 'metafacades'
2017-06-27 16:52:36,664 INFO  [AndroMDA] found namespace --> 'jsf2'
2017-06-27 16:52:36,665 INFO  [AndroMDA]   +  registering component 'cartridge'
2017-06-27 16:52:36,720 INFO  [AndroMDA]   +  registering component 'metafacades'
2017-06-27 16:52:36,789 INFO  [AndroMDA]   +  registering component 'profile'
2017-06-27 16:52:36,804 INFO  [AndroMDA] found namespace --> 'netBeansMDR'
2017-06-27 16:52:36,805 INFO  [AndroMDA]   +  registering component 'repository'
2017-06-27 16:52:36,898 INFO  [AndroMDA] found namespace --> 'spring'
2017-06-27 16:52:36,899 INFO  [AndroMDA]   +  registering component 'cartridge'
2017-06-27 16:52:36,987 INFO  [AndroMDA]   +  registering component 'metafacades'
2017-06-27 16:52:37,067 INFO  [AndroMDA]   +  registering component 'profile'
2017-06-27 16:52:37,088 INFO  [AndroMDA] found namespace --> 'uml-1.4'
2017-06-27 16:52:37,088 INFO  [AndroMDA]   +  registering component 'metafacades'
2017-06-27 16:52:37,232 INFO  [AndroMDA]   +  registering component 'profile'
2017-06-27 16:52:37,236 INFO  [AndroMDA] found namespace --> 'validation'
2017-06-27 16:52:37,237 INFO  [AndroMDA]   +  registering component 'translation-library'
2017-06-27 16:52:37,318 INFO  [AndroMDA] found namespace --> 'webservice'
2017-06-27 16:52:37,318 INFO  [AndroMDA]   +  registering component 'cartridge'
2017-06-27 16:52:37,337 INFO  [AndroMDA]   +  registering component 'metafacades'
2017-06-27 16:52:37,368 INFO  [AndroMDA]   +  registering component 'profile'
2017-06-27 16:52:39,337 INFO  [AndroMDA] - core initialization complete: 3.514[s] -
2017-06-27 16:52:39,342 INFO  [AndroMDA] Files are up-to-date, skipping AndroMDA execution
2017-06-27 16:52:39,342 INFO  [AndroMDA] completed model processing --> TIME: 0.005[s], RESOURCES WRITTEN: 0
